\BOOKMARK [1][-]{section.1}{The Game}{}% 1
\BOOKMARK [2][-]{subsection.1.1}{Installation}{section.1}% 2
\BOOKMARK [3][-]{subsubsection.1.1.1}{End Users}{subsection.1.1}% 3
\BOOKMARK [3][-]{subsubsection.1.1.2}{Developers}{subsection.1.1}% 4
\BOOKMARK [2][-]{subsection.1.2}{Controls}{section.1}% 5
\BOOKMARK [2][-]{subsection.1.3}{Tutorial}{section.1}% 6
\BOOKMARK [2][-]{subsection.1.4}{Mission}{section.1}% 7
\BOOKMARK [2][-]{subsection.1.5}{Motivation}{section.1}% 8
\BOOKMARK [1][-]{section.2}{The Experiment}{}% 9
\BOOKMARK [2][-]{subsection.2.1}{Independent Variables}{section.2}% 10
\BOOKMARK [1][-]{section.3}{Technical Aspects}{}% 11
\BOOKMARK [2][-]{subsection.3.1}{Required Software for Development}{section.3}% 12
\BOOKMARK [2][-]{subsection.3.2}{Tested Hardware}{section.3}% 13
\BOOKMARK [1][-]{section.4}{Project Structure}{}% 14
\BOOKMARK [2][-]{subsection.4.1}{Important Configuration Variables}{section.4}% 15
\BOOKMARK [2][-]{subsection.4.2}{Overview of Important Blueprints and Assets}{section.4}% 16
\BOOKMARK [1][-]{section.5}{Results}{}% 17
\BOOKMARK [1][-]{section.6}{Discussion}{}% 18
\BOOKMARK [2][-]{subsection.6.1}{Known Issues}{section.6}% 19
\BOOKMARK [2][-]{subsection.6.2}{Possible Enhancements for the Future}{section.6}% 20
\BOOKMARK [2][-]{subsection.6.3}{Unreal Engine in Perception Experiments}{section.6}% 21
